libyaml-cppmdd.lib(parse.obj) : error LNK2038: mismatch detected for '_ITERATOR_DEBUG_LEVEL': value '2' doesn't match value '0' in ContextDecisionMaker.obj
libyaml-cppmdd.lib(parse.obj) : error LNK2038: mismatch detected for 'RuntimeLibrary': value 'MDd_DynamicDebug' doesn't match value 'MD_DynamicRelease' in ContextDecisionMaker.obj
libyaml-cppmdd.lib(memory.obj) : error LNK2038: mismatch detected for '_ITERATOR_DEBUG_LEVEL': value '2' doesn't match value '0' in ContextDecisionMaker.obj
libyaml-cppmdd.lib(memory.obj) : error LNK2038: mismatch detected for 'RuntimeLibrary': value 'MDd_DynamicDebug' doesn't match value 'MD_DynamicRelease' in ContextDecisionMaker.obj
libyaml-cppmdd.lib(node_data.obj) : error LNK2038: mismatch detected for '_ITERATOR_DEBUG_LEVEL': value '2' doesn't match value '0' in ContextDecisionMaker.obj
libyaml-cppmdd.lib(node_data.obj) : error LNK2038: mismatch detected for 'RuntimeLibrary': value 'MDd_DynamicDebug' doesn't match value 'MD_DynamicRelease' in ContextDecisionMaker.obj
libyaml-cppmdd.lib(parser.obj) : error LNK2038: mismatch detected for '_ITERATOR_DEBUG_LEVEL': value '2' doesn't match value '0' in ContextDecisionMaker.obj
libyaml-cppmdd.lib(parser.obj) : error LNK2038: mismatch detected for 'RuntimeLibrary': value 'MDd_DynamicDebug' doesn't match value 'MD_DynamicRelease' in ContextDecisionMaker.obj
libyaml-cppmdd.lib(nodebuilder.obj) : error LNK2038: mismatch detected for '_ITERATOR_DEBUG_LEVEL': value '2' doesn't match value '0' in ContextDecisionMaker.obj
libyaml-cppmdd.lib(nodebuilder.obj) : error LNK2038: mismatch detected for 'RuntimeLibrary': value 'MDd_DynamicDebug' doesn't match value 'MD_DynamicRelease' in ContextDecisionMaker.obj
libyaml-cppmdd.lib(directives.obj) : error LNK2038: mismatch detected for '_ITERATOR_DEBUG_LEVEL': value '2' doesn't match value '0' in ContextDecisionMaker.obj
libyaml-cppmdd.lib(directives.obj) : error LNK2038: mismatch detected for 'RuntimeLibrary': value 'MDd_DynamicDebug' doesn't match value 'MD_DynamicRelease' in ContextDecisionMaker.obj
libyaml-cppmdd.lib(scanner.obj) : error LNK2038: mismatch detected for '_ITERATOR_DEBUG_LEVEL': value '2' doesn't match value '0' in ContextDecisionMaker.obj
libyaml-cppmdd.lib(scanner.obj) : error LNK2038: mismatch detected for 'RuntimeLibrary': value 'MDd_DynamicDebug' doesn't match value 'MD_DynamicRelease' in ContextDecisionMaker.obj
libyaml-cppmdd.lib(singledocparser.obj) : error LNK2038: mismatch detected for '_ITERATOR_DEBUG_LEVEL': value '2' doesn't match value '0' in ContextDecisionMaker.obj
libyaml-cppmdd.lib(singledocparser.obj) : error LNK2038: mismatch detected for 'RuntimeLibrary': value 'MDd_DynamicDebug' doesn't match value 'MD_DynamicRelease' in ContextDecisionMaker.obj
libyaml-cppmdd.lib(regex_yaml.obj) : error LNK2038: mismatch detected for '_ITERATOR_DEBUG_LEVEL': value '2' doesn't match value '0' in ContextDecisionMaker.obj
libyaml-cppmdd.lib(regex_yaml.obj) : error LNK2038: mismatch detected for 'RuntimeLibrary': value 'MDd_DynamicDebug' doesn't match value 'MD_DynamicRelease' in ContextDecisionMaker.obj
libyaml-cppmdd.lib(stream.obj) : error LNK2038: mismatch detected for '_ITERATOR_DEBUG_LEVEL': value '2' doesn't match value '0' in ContextDecisionMaker.obj
libyaml-cppmdd.lib(stream.obj) : error LNK2038: mismatch detected for 'RuntimeLibrary': value 'MDd_DynamicDebug' doesn't match value 'MD_DynamicRelease' in ContextDecisionMaker.obj
libyaml-cppmdd.lib(simplekey.obj) : error LNK2038: mismatch detected for '_ITERATOR_DEBUG_LEVEL': value '2' doesn't match value '0' in ContextDecisionMaker.obj
libyaml-cppmdd.lib(simplekey.obj) : error LNK2038: mismatch detected for 'RuntimeLibrary': value 'MDd_DynamicDebug' doesn't match value 'MD_DynamicRelease' in ContextDecisionMaker.obj
libyaml-cppmdd.lib(scantoken.obj) : error LNK2038: mismatch detected for '_ITERATOR_DEBUG_LEVEL': value '2' doesn't match value '0' in ContextDecisionMaker.obj
libyaml-cppmdd.lib(scantoken.obj) : error LNK2038: mismatch detected for 'RuntimeLibrary': value 'MDd_DynamicDebug' doesn't match value 'MD_DynamicRelease' in ContextDecisionMaker.obj
libyaml-cppmdd.lib(tag.obj) : error LNK2038: mismatch detected for '_ITERATOR_DEBUG_LEVEL': value '2' doesn't match value '0' in ContextDecisionMaker.obj
libyaml-cppmdd.lib(tag.obj) : error LNK2038: mismatch detected for 'RuntimeLibrary': value 'MDd_DynamicDebug' doesn't match value 'MD_DynamicRelease' in ContextDecisionMaker.obj
libyaml-cppmdd.lib(null.obj) : error LNK2038: mismatch detected for '_ITERATOR_DEBUG_LEVEL': value '2' doesn't match value '0' in ContextDecisionMaker.obj
libyaml-cppmdd.lib(null.obj) : error LNK2038: mismatch detected for 'RuntimeLibrary': value 'MDd_DynamicDebug' doesn't match value 'MD_DynamicRelease' in ContextDecisionMaker.obj
libyaml-cppmdd.lib(scanscalar.obj) : error LNK2038: mismatch detected for '_ITERATOR_DEBUG_LEVEL': value '2' doesn't match value '0' in ContextDecisionMaker.obj
libyaml-cppmdd.lib(scanscalar.obj) : error LNK2038: mismatch detected for 'RuntimeLibrary': value 'MDd_DynamicDebug' doesn't match value 'MD_DynamicRelease' in ContextDecisionMaker.obj
libyaml-cppmdd.lib(scantag.obj) : error LNK2038: mismatch detected for '_ITERATOR_DEBUG_LEVEL': value '2' doesn't match value '0' in ContextDecisionMaker.obj
libyaml-cppmdd.lib(scantag.obj) : error LNK2038: mismatch detected for 'RuntimeLibrary': value 'MDd_DynamicDebug' doesn't match value 'MD_DynamicRelease' in ContextDecisionMaker.obj
libyaml-cppmdd.lib(exp.obj) : error LNK2038: mismatch detected for '_ITERATOR_DEBUG_LEVEL': value '2' doesn't match value '0' in ContextDecisionMaker.obj
libyaml-cppmdd.lib(exp.obj) : error LNK2038: mismatch detected for 'RuntimeLibrary': value 'MDd_DynamicDebug' doesn't match value 'MD_DynamicRelease' in ContextDecisionMaker.obj
MSVCRT.lib(initializers.obj) : warning LNK4098: defaultlib 'msvcrtd.lib' conflicts with use of other libs; use /NODEFAULTLIB:library
libyaml-cppmdd.lib(tag.obj) : error LNK2001: unresolved external symbol __imp___invalid_parameter
libyaml-cppmdd.lib(scanscalar.obj) : error LNK2001: unresolved external symbol __imp___invalid_parameter
libyaml-cppmdd.lib(scantag.obj) : error LNK2001: unresolved external symbol __imp___invalid_parameter
libyaml-cppmdd.lib(exp.obj) : error LNK2001: unresolved external symbol __imp___invalid_parameter
libyaml-cppmdd.lib(regex_yaml.obj) : error LNK2001: unresolved external symbol __imp___invalid_parameter
libyaml-cppmdd.lib(stream.obj) : error LNK2001: unresolved external symbol __imp___invalid_parameter
libyaml-cppmdd.lib(simplekey.obj) : error LNK2001: unresolved external symbol __imp___invalid_parameter
libyaml-cppmdd.lib(scantoken.obj) : error LNK2001: unresolved external symbol __imp___invalid_parameter
libyaml-cppmdd.lib(nodebuilder.obj) : error LNK2001: unresolved external symbol __imp___invalid_parameter
libyaml-cppmdd.lib(directives.obj) : error LNK2001: unresolved external symbol __imp___invalid_parameter
libyaml-cppmdd.lib(scanner.obj) : error LNK2001: unresolved external symbol __imp___invalid_parameter
libyaml-cppmdd.lib(singledocparser.obj) : error LNK2001: unresolved external symbol __imp___invalid_parameter
libyaml-cppmdd.lib(parse.obj) : error LNK2001: unresolved external symbol __imp___invalid_parameter
libyaml-cppmdd.lib(memory.obj) : error LNK2001: unresolved external symbol __imp___invalid_parameter
libyaml-cppmdd.lib(node_data.obj) : error LNK2001: unresolved external symbol __imp___invalid_parameter
libyaml-cppmdd.lib(parser.obj) : error LNK2001: unresolved external symbol __imp___invalid_parameter
libyaml-cppmdd.lib(tag.obj) : error LNK2001: unresolved external symbol __imp___CrtDbgReportW
libyaml-cppmdd.lib(scanscalar.obj) : error LNK2001: unresolved external symbol __imp___CrtDbgReportW
libyaml-cppmdd.lib(scantag.obj) : error LNK2001: unresolved external symbol __imp___CrtDbgReportW
libyaml-cppmdd.lib(exp.obj) : error LNK2001: unresolved external symbol __imp___CrtDbgReportW
libyaml-cppmdd.lib(regex_yaml.obj) : error LNK2001: unresolved external symbol __imp___CrtDbgReportW
libyaml-cppmdd.lib(stream.obj) : error LNK2001: unresolved external symbol __imp___CrtDbgReportW
libyaml-cppmdd.lib(simplekey.obj) : error LNK2001: unresolved external symbol __imp___CrtDbgReportW
libyaml-cppmdd.lib(scantoken.obj) : error LNK2001: unresolved external symbol __imp___CrtDbgReportW
libyaml-cppmdd.lib(nodebuilder.obj) : error LNK2001: unresolved external symbol __imp___CrtDbgReportW
libyaml-cppmdd.lib(directives.obj) : error LNK2001: unresolved external symbol __imp___CrtDbgReportW
libyaml-cppmdd.lib(scanner.obj) : error LNK2001: unresolved external symbol __imp___CrtDbgReportW
libyaml-cppmdd.lib(singledocparser.obj) : error LNK2001: unresolved external symbol __imp___CrtDbgReportW
libyaml-cppmdd.lib(parse.obj) : error LNK2001: unresolved external symbol __imp___CrtDbgReportW
libyaml-cppmdd.lib(memory.obj) : error LNK2001: unresolved external symbol __imp___CrtDbgReportW
libyaml-cppmdd.lib(node_data.obj) : error LNK2001: unresolved external symbol __imp___CrtDbgReportW
libyaml-cppmdd.lib(parser.obj) : error LNK2001: unresolved external symbol __imp___CrtDbgReportW
msvcrtd.lib(_init_.obj) : error LNK2001: unresolved external symbol __CrtDbgReport
msvcrtd.lib(_init_.obj) : error LNK2001: unresolved external symbol __CrtDbgReportW
msvcrtd.lib(thread_safe_statics.obj) : error LNK2001: unresolved external symbol __CrtDbgReportW
C:\Users\gameuser\Desktop\FYP\SteeringAlgorithms\Release\SteeringAlgorithms.exe : fatal error LNK1120: 4 unresolved externals
