c:\users\gameuser\desktop\fyp\steeringalgorithms\release\vc141.pdb
c:\users\gameuser\desktop\fyp\steeringalgorithms\release\gamenode.obj
c:\users\gameuser\desktop\fyp\steeringalgorithms\release\game.obj
c:\users\gameuser\desktop\fyp\steeringalgorithms\release\frayai.obj
c:\users\gameuser\desktop\fyp\steeringalgorithms\release\dynamicvectorai.obj
c:\users\gameuser\desktop\fyp\steeringalgorithms\release\directionalline.obj
c:\users\gameuser\desktop\fyp\steeringalgorithms\release\contextmap.obj
c:\users\gameuser\desktop\fyp\steeringalgorithms\release\contextdecisionmaker.obj
c:\users\gameuser\desktop\fyp\steeringalgorithms\release\crspline.obj
c:\users\gameuser\desktop\fyp\steeringalgorithms\release\camera.obj
c:\users\gameuser\desktop\fyp\steeringalgorithms\release\button.obj
c:\users\gameuser\desktop\fyp\steeringalgorithms\release\vector.obj
c:\users\gameuser\desktop\fyp\steeringalgorithms\release\curve.obj
c:\users\gameuser\desktop\fyp\steeringalgorithms\release\catmullrom.obj
c:\users\gameuser\desktop\fyp\steeringalgorithms\release\bspline.obj
c:\users\gameuser\desktop\fyp\steeringalgorithms\release\bezier.obj
c:\users\gameuser\desktop\fyp\steeringalgorithms\release\imgui_widgets.obj
c:\users\gameuser\desktop\fyp\steeringalgorithms\release\imgui_draw.obj
c:\users\gameuser\desktop\fyp\steeringalgorithms\release\imgui_demo.obj
c:\users\gameuser\desktop\fyp\steeringalgorithms\release\imgui.obj
c:\users\gameuser\desktop\fyp\steeringalgorithms\release\imgui-sfml.obj
c:\users\gameuser\desktop\fyp\steeringalgorithms\release\tile.obj
c:\users\gameuser\desktop\fyp\steeringalgorithms\release\testbot.obj
c:\users\gameuser\desktop\fyp\steeringalgorithms\release\efficiencyai.obj
c:\users\gameuser\desktop\fyp\steeringalgorithms\release\player.obj
c:\users\gameuser\desktop\fyp\steeringalgorithms\release\path.obj
c:\users\gameuser\desktop\fyp\steeringalgorithms\release\obstacle.obj
c:\users\gameuser\desktop\fyp\steeringalgorithms\release\options.obj
c:\users\gameuser\desktop\fyp\steeringalgorithms\release\menu.obj
c:\users\gameuser\desktop\fyp\steeringalgorithms\release\mainmenu.obj
c:\users\gameuser\desktop\fyp\steeringalgorithms\release\gamescreen.obj
c:\users\gameuser\desktop\fyp\steeringalgorithms\release\gamemenu.obj
c:\users\gameuser\desktop\fyp\steeringalgorithms\release\endgame.obj
c:\users\gameuser\desktop\fyp\steeringalgorithms\release\demoscreen.obj
c:\users\gameuser\desktop\fyp\steeringalgorithms\release\mathhelper.obj
c:\users\gameuser\desktop\fyp\steeringalgorithms\release\main.obj
c:\users\gameuser\desktop\fyp\steeringalgorithms\release\levelloader.obj
c:\users\gameuser\desktop\fyp\steeringalgorithms\release\label.obj
c:\users\gameuser\desktop\fyp\steeringalgorithms\release\key.obj
c:\users\gameuser\desktop\fyp\steeringalgorithms\release\interpolatingtwo.obj
c:\users\gameuser\desktop\fyp\steeringalgorithms\release\interpolatingai.obj
c:\users\gameuser\desktop\fyp\steeringalgorithms\release\traditional.obj
c:\users\gameuser\desktop\fyp\steeringalgorithms\release\steeringalgorithms.exe
c:\users\gameuser\desktop\fyp\steeringalgorithms\release\steeringalgorithms.pdb
c:\users\gameuser\desktop\fyp\steeringalgorithms\release\steeringalgorithms.ipdb
c:\users\gameuser\desktop\fyp\steeringalgorithms\release\steeringalgorithms.iobj
c:\users\gameuser\desktop\fyp\steeringalgorithms\release\steering.cdb297da.tlog\cl.command.1.tlog
c:\users\gameuser\desktop\fyp\steeringalgorithms\release\steering.cdb297da.tlog\cl.read.1.tlog
c:\users\gameuser\desktop\fyp\steeringalgorithms\release\steering.cdb297da.tlog\cl.write.1.tlog
c:\users\gameuser\desktop\fyp\steeringalgorithms\release\steering.cdb297da.tlog\link.command.1.tlog
c:\users\gameuser\desktop\fyp\steeringalgorithms\release\steering.cdb297da.tlog\link.read.1.tlog
c:\users\gameuser\desktop\fyp\steeringalgorithms\release\steering.cdb297da.tlog\link.write.1.tlog
c:\users\gameuser\desktop\fyp\steeringalgorithms\release\steering.cdb297da.tlog\steeringalgorithms.write.1u.tlog
