  ContextDecisionMaker.cpp
c:\users\gameuser\documents\fyp\steeringalgorithms\contextdecisionmaker.h(3): fatal error C1083: Cannot open include file: 'SFML/Graphics.hpp': No such file or directory
  ContextMap.cpp
c:\users\gameuser\documents\fyp\steeringalgorithms\contextmap.cpp(16): warning C4267: 'return': conversion from 'size_t' to 'int', possible loss of data
  DirectionalLine.cpp
c:\users\gameuser\documents\fyp\steeringalgorithms\directionalline.h(2): fatal error C1083: Cannot open include file: 'SFML/Graphics.hpp': No such file or directory
  FrayAI.cpp
c:\users\gameuser\documents\fyp\steeringalgorithms\frayai.h(4): fatal error C1083: Cannot open include file: 'SFML/Graphics.hpp': No such file or directory
  Game.cpp
c:\users\gameuser\documents\fyp\steeringalgorithms\player.h(4): fatal error C1083: Cannot open include file: 'SFML/Graphics.hpp': No such file or directory
  LevelLoader.cpp
c:\users\gameuser\documents\fyp\steeringalgorithms\levelloader.h(3): fatal error C1083: Cannot open include file: 'SFML/System/Vector2.hpp': No such file or directory
  main.cpp
c:\users\gameuser\documents\fyp\steeringalgorithms\player.h(4): fatal error C1083: Cannot open include file: 'SFML/Graphics.hpp': No such file or directory
  MathHelper.cpp
c:\users\gameuser\documents\fyp\steeringalgorithms\mathhelper.h(2): fatal error C1083: Cannot open include file: 'SFML/Graphics.hpp': No such file or directory
  Obstacle.cpp
c:\users\gameuser\documents\fyp\steeringalgorithms\obstacle.h(2): fatal error C1083: Cannot open include file: 'SFML/Graphics.hpp': No such file or directory
  Player.cpp
c:\users\gameuser\documents\fyp\steeringalgorithms\player.h(4): fatal error C1083: Cannot open include file: 'SFML/Graphics.hpp': No such file or directory
  Traditional.cpp
c:\users\gameuser\documents\fyp\steeringalgorithms\traditional.h(2): fatal error C1083: Cannot open include file: 'SFML/Graphics.hpp': No such file or directory
  Generating Code...
