c:\users\gameuser\desktop\fyp\steeringalgorithms\debug\vc141.pdb
c:\users\gameuser\desktop\fyp\steeringalgorithms\debug\vc141.idb
c:\users\gameuser\desktop\fyp\steeringalgorithms\debug\traditional.obj
c:\users\gameuser\desktop\fyp\steeringalgorithms\debug\player.obj
c:\users\gameuser\desktop\fyp\steeringalgorithms\debug\obstacle.obj
c:\users\gameuser\desktop\fyp\steeringalgorithms\debug\mathhelper.obj
c:\users\gameuser\desktop\fyp\steeringalgorithms\debug\main.obj
c:\users\gameuser\desktop\fyp\steeringalgorithms\debug\game.obj
c:\users\gameuser\desktop\fyp\steeringalgorithms\debug\frayai.obj
c:\users\gameuser\desktop\fyp\steeringalgorithms\debug\contextmap.obj
c:\users\gameuser\desktop\fyp\steeringalgorithms\debug\contextdecisionmaker.obj
c:\users\gameuser\desktop\fyp\steeringalgorithms\debug\levelloader.obj
c:\users\gameuser\desktop\fyp\steeringalgorithms\debug\steeringalgorithms.exe
c:\users\gameuser\desktop\fyp\steeringalgorithms\debug\steeringalgorithms.ilk
c:\users\gameuser\desktop\fyp\steeringalgorithms\debug\steeringalgorithms.pdb
c:\users\gameuser\desktop\fyp\steeringalgorithms\debug\contextdecisionmaker.obj.enc
c:\users\gameuser\desktop\fyp\steeringalgorithms\debug\steering.cdb297da.tlog\cl.command.1.tlog
c:\users\gameuser\desktop\fyp\steeringalgorithms\debug\steering.cdb297da.tlog\cl.read.1.tlog
c:\users\gameuser\desktop\fyp\steeringalgorithms\debug\steering.cdb297da.tlog\cl.write.1.tlog
c:\users\gameuser\desktop\fyp\steeringalgorithms\debug\steering.cdb297da.tlog\link.command.1.tlog
c:\users\gameuser\desktop\fyp\steeringalgorithms\debug\steering.cdb297da.tlog\link.read.1.tlog
c:\users\gameuser\desktop\fyp\steeringalgorithms\debug\steering.cdb297da.tlog\link.write.1.tlog
