  CRSpline.cpp
c:\users\gameuser\desktop\fyp\steeringalgorithms\src\crspline.cpp(25): warning C4244: 'argument': conversion from 'int' to 'float', possible loss of data
c:\users\gameuser\desktop\fyp\steeringalgorithms\src\crspline.cpp(68): warning C4244: 'argument': conversion from 'double' to 'float', possible loss of data
c:\users\gameuser\desktop\fyp\steeringalgorithms\src\crspline.cpp(67): warning C4244: 'argument': conversion from 'double' to 'float', possible loss of data
c:\users\gameuser\desktop\fyp\steeringalgorithms\src\crspline.cpp(83): warning C4018: '<': signed/unsigned mismatch
c:\users\gameuser\desktop\fyp\steeringalgorithms\src\crspline.cpp(194): warning C4244: 'argument': conversion from 'double' to 'float', possible loss of data
c:\users\gameuser\desktop\fyp\steeringalgorithms\src\crspline.cpp(210): warning C4244: 'argument': conversion from 'double' to 'float', possible loss of data
c:\users\gameuser\desktop\fyp\steeringalgorithms\src\crspline.cpp(231): warning C4244: 'initializing': conversion from 'double' to 'float', possible loss of data
c:\users\gameuser\desktop\fyp\steeringalgorithms\src\crspline.cpp(262): warning C4018: '<': signed/unsigned mismatch
c:\users\gameuser\desktop\fyp\steeringalgorithms\src\crspline.cpp(270): warning C4305: 'argument': truncation from 'double' to 'float'
c:\users\gameuser\desktop\fyp\steeringalgorithms\src\crspline.cpp(324): warning C4018: '>=': signed/unsigned mismatch
  DynamicVectorAI.cpp
c:\users\gameuser\desktop\fyp\steeringalgorithms\src\dynamicvectorai.cpp(25): warning C4244: 'argument': conversion from 'int' to 'float', possible loss of data
c:\users\gameuser\desktop\fyp\steeringalgorithms\src\dynamicvectorai.cpp(88): warning C4244: 'argument': conversion from 'double' to 'float', possible loss of data
c:\users\gameuser\desktop\fyp\steeringalgorithms\src\dynamicvectorai.cpp(87): warning C4244: 'argument': conversion from 'double' to 'float', possible loss of data
c:\users\gameuser\desktop\fyp\steeringalgorithms\src\dynamicvectorai.cpp(134): warning C4018: '<': signed/unsigned mismatch
c:\users\gameuser\desktop\fyp\steeringalgorithms\src\dynamicvectorai.cpp(248): warning C4244: 'argument': conversion from 'double' to 'float', possible loss of data
c:\users\gameuser\desktop\fyp\steeringalgorithms\src\dynamicvectorai.cpp(263): warning C4244: 'argument': conversion from 'double' to 'float', possible loss of data
c:\users\gameuser\desktop\fyp\steeringalgorithms\src\dynamicvectorai.cpp(278): warning C4244: 'initializing': conversion from 'double' to 'float', possible loss of data
c:\users\gameuser\desktop\fyp\steeringalgorithms\src\dynamicvectorai.cpp(305): warning C4305: 'argument': truncation from 'double' to 'float'
c:\users\gameuser\desktop\fyp\steeringalgorithms\src\dynamicvectorai.cpp(359): warning C4018: '>=': signed/unsigned mismatch
c:\users\gameuser\desktop\fyp\steeringalgorithms\src\dynamicvectorai.cpp(430): warning C4244: 'initializing': conversion from 'double' to 'float', possible loss of data
c:\users\gameuser\desktop\fyp\steeringalgorithms\src\dynamicvectorai.cpp(431): warning C4244: 'initializing': conversion from 'double' to 'float', possible loss of data
  EfficiencyAI.cpp
c:\users\gameuser\desktop\fyp\steeringalgorithms\src\efficiencyai.cpp(25): warning C4244: 'argument': conversion from 'int' to 'float', possible loss of data
c:\users\gameuser\desktop\fyp\steeringalgorithms\src\efficiencyai.cpp(76): warning C4244: 'argument': conversion from 'double' to 'float', possible loss of data
c:\users\gameuser\desktop\fyp\steeringalgorithms\src\efficiencyai.cpp(75): warning C4244: 'argument': conversion from 'double' to 'float', possible loss of data
c:\users\gameuser\desktop\fyp\steeringalgorithms\src\efficiencyai.cpp(93): warning C4018: '<': signed/unsigned mismatch
c:\users\gameuser\desktop\fyp\steeringalgorithms\src\efficiencyai.cpp(218): warning C4244: 'argument': conversion from 'double' to 'float', possible loss of data
c:\users\gameuser\desktop\fyp\steeringalgorithms\src\efficiencyai.cpp(234): warning C4244: 'argument': conversion from 'double' to 'float', possible loss of data
c:\users\gameuser\desktop\fyp\steeringalgorithms\src\efficiencyai.cpp(249): warning C4244: 'initializing': conversion from 'double' to 'float', possible loss of data
c:\users\gameuser\desktop\fyp\steeringalgorithms\src\efficiencyai.cpp(272): warning C4018: '<': signed/unsigned mismatch
c:\users\gameuser\desktop\fyp\steeringalgorithms\src\efficiencyai.cpp(280): warning C4305: 'argument': truncation from 'double' to 'float'
c:\users\gameuser\desktop\fyp\steeringalgorithms\src\efficiencyai.cpp(335): warning C4018: '>=': signed/unsigned mismatch
  FrayAI.cpp
c:\users\gameuser\desktop\fyp\steeringalgorithms\src\frayai.cpp(27): warning C4244: 'argument': conversion from 'int' to 'float', possible loss of data
c:\users\gameuser\desktop\fyp\steeringalgorithms\src\frayai.cpp(71): warning C4244: 'argument': conversion from 'double' to 'float', possible loss of data
c:\users\gameuser\desktop\fyp\steeringalgorithms\src\frayai.cpp(70): warning C4244: 'argument': conversion from 'double' to 'float', possible loss of data
c:\users\gameuser\desktop\fyp\steeringalgorithms\src\frayai.cpp(88): warning C4018: '<': signed/unsigned mismatch
c:\users\gameuser\desktop\fyp\steeringalgorithms\src\frayai.cpp(200): warning C4244: 'argument': conversion from 'double' to 'float', possible loss of data
c:\users\gameuser\desktop\fyp\steeringalgorithms\src\frayai.cpp(215): warning C4244: 'argument': conversion from 'double' to 'float', possible loss of data
c:\users\gameuser\desktop\fyp\steeringalgorithms\src\frayai.cpp(234): warning C4244: 'initializing': conversion from 'double' to 'float', possible loss of data
c:\users\gameuser\desktop\fyp\steeringalgorithms\src\frayai.cpp(319): warning C4018: '>=': signed/unsigned mismatch
  Game.cpp
c:\users\gameuser\desktop\fyp\steeringalgorithms\src\game.cpp(62): warning C4244: '-=': conversion from 'const double' to 'sf::Int32', possible loss of data
  InterpolatingAI.cpp
c:\users\gameuser\desktop\fyp\steeringalgorithms\src\interpolatingai.cpp(26): warning C4244: 'argument': conversion from 'int' to 'float', possible loss of data
c:\users\gameuser\desktop\fyp\steeringalgorithms\src\interpolatingai.cpp(73): warning C4244: 'argument': conversion from 'double' to 'float', possible loss of data
c:\users\gameuser\desktop\fyp\steeringalgorithms\src\interpolatingai.cpp(72): warning C4244: 'argument': conversion from 'double' to 'float', possible loss of data
c:\users\gameuser\desktop\fyp\steeringalgorithms\src\interpolatingai.cpp(88): warning C4018: '<': signed/unsigned mismatch
c:\users\gameuser\desktop\fyp\steeringalgorithms\src\interpolatingai.cpp(199): warning C4244: 'argument': conversion from 'double' to 'float', possible loss of data
c:\users\gameuser\desktop\fyp\steeringalgorithms\src\interpolatingai.cpp(215): warning C4244: 'argument': conversion from 'double' to 'float', possible loss of data
c:\users\gameuser\desktop\fyp\steeringalgorithms\src\interpolatingai.cpp(236): warning C4244: 'initializing': conversion from 'double' to 'float', possible loss of data
c:\users\gameuser\desktop\fyp\steeringalgorithms\src\interpolatingai.cpp(267): warning C4018: '<': signed/unsigned mismatch
c:\users\gameuser\desktop\fyp\steeringalgorithms\src\interpolatingai.cpp(275): warning C4305: 'argument': truncation from 'double' to 'float'
c:\users\gameuser\desktop\fyp\steeringalgorithms\src\interpolatingai.cpp(329): warning C4018: '>=': signed/unsigned mismatch
  InterpolatingTwo.cpp
c:\users\gameuser\desktop\fyp\steeringalgorithms\src\interpolatingtwo.cpp(25): warning C4244: 'argument': conversion from 'int' to 'float', possible loss of data
c:\users\gameuser\desktop\fyp\steeringalgorithms\src\interpolatingtwo.cpp(69): warning C4244: 'argument': conversion from 'double' to 'float', possible loss of data
c:\users\gameuser\desktop\fyp\steeringalgorithms\src\interpolatingtwo.cpp(68): warning C4244: 'argument': conversion from 'double' to 'float', possible loss of data
c:\users\gameuser\desktop\fyp\steeringalgorithms\src\interpolatingtwo.cpp(84): warning C4018: '<': signed/unsigned mismatch
c:\users\gameuser\desktop\fyp\steeringalgorithms\src\interpolatingtwo.cpp(197): warning C4244: 'argument': conversion from 'double' to 'float', possible loss of data
c:\users\gameuser\desktop\fyp\steeringalgorithms\src\interpolatingtwo.cpp(213): warning C4244: 'argument': conversion from 'double' to 'float', possible loss of data
c:\users\gameuser\desktop\fyp\steeringalgorithms\src\interpolatingtwo.cpp(234): warning C4244: 'initializing': conversion from 'double' to 'float', possible loss of data
c:\users\gameuser\desktop\fyp\steeringalgorithms\src\interpolatingtwo.cpp(273): warning C4305: 'argument': truncation from 'double' to 'float'
c:\users\gameuser\desktop\fyp\steeringalgorithms\src\interpolatingtwo.cpp(327): warning C4018: '>=': signed/unsigned mismatch
  DemoScreen.cpp
c:\users\gameuser\desktop\fyp\steeringalgorithms\src\menus\demoscreen.cpp(69): warning C4018: '<': signed/unsigned mismatch
c:\users\gameuser\desktop\fyp\steeringalgorithms\src\menus\demoscreen.cpp(113): warning C4018: '<': signed/unsigned mismatch
c:\users\gameuser\desktop\fyp\steeringalgorithms\src\menus\demoscreen.cpp(123): warning C4018: '<': signed/unsigned mismatch
  GameScreen.cpp
c:\users\gameuser\desktop\fyp\steeringalgorithms\src\menus\gamescreen.cpp(29): warning C4018: '<': signed/unsigned mismatch
c:\users\gameuser\desktop\fyp\steeringalgorithms\src\menus\gamescreen.cpp(117): warning C4244: 'initializing': conversion from 'float' to 'int', possible loss of data
c:\users\gameuser\desktop\fyp\steeringalgorithms\src\menus\gamescreen.cpp(118): warning C4244: 'initializing': conversion from 'float' to 'int', possible loss of data
c:\users\gameuser\desktop\fyp\steeringalgorithms\src\menus\gamescreen.cpp(181): warning C4018: '<': signed/unsigned mismatch
  Path.cpp
c:\users\gameuser\desktop\fyp\steeringalgorithms\src\path.cpp(5): warning C4244: 'argument': conversion from 'int' to 'float', possible loss of data
c:\users\gameuser\desktop\fyp\steeringalgorithms\src\path.cpp(24): warning C4244: 'argument': conversion from 'int' to 'float', possible loss of data
c:\users\gameuser\desktop\fyp\steeringalgorithms\src\path.cpp(30): warning C4244: 'return': conversion from 'float' to 'int', possible loss of data
  main.cpp
  Generating Code...
  SteeringAlgorithms.vcxproj -> C:\Users\gameuser\Desktop\FYP\SteeringAlgorithms\Debug\SteeringAlgorithms.exe
